
LogFile started: 9/11/2025 1:15:42 PM
Application    : DSSAT v4.8
Path/ExeName   : C:\dssat48\dssat48.exe
********************************************************************************

Entries:
00001:  [1:15:42 PM] [9/11/2025]Initializing DSSAT Version 4.8.5.0
00002:  [1:15:45 PM] [9/11/2025]C:\DSSAT48\SOIL
00003:  [1:15:45 PM] [9/11/2025]C:\DSSAT48\SOIL\AG.SOL
00004:  [1:15:45 PM] [9/11/2025]C:\DSSAT48\SOIL\AZ.SOL
00005:  [1:15:45 PM] [9/11/2025]C:\DSSAT48\SOIL\BR.SOL
00006:  [1:15:45 PM] [9/11/2025]C:\DSSAT48\SOIL\CA.SOL
00007:  [1:15:45 PM] [9/11/2025]C:\DSSAT48\SOIL\CF.SOL
00008:  [1:15:45 PM] [9/11/2025]C:\DSSAT48\SOIL\CN.SOL
00009:  [1:15:45 PM] [9/11/2025]C:\DSSAT48\SOIL\CO.SOL
00010:  [1:15:45 PM] [9/11/2025]C:\DSSAT48\SOIL\CP.SOL
00011:  [1:15:45 PM] [9/11/2025]C:\DSSAT48\SOIL\CR.SOL
00012:  [1:15:45 PM] [9/11/2025]C:\DSSAT48\SOIL\DI.SOL
00013:  [1:15:45 PM] [9/11/2025]C:\DSSAT48\SOIL\EB.SOL
00014:  [1:15:45 PM] [9/11/2025]C:\DSSAT48\SOIL\ET.SOL
00015:  [1:15:45 PM] [9/11/2025]C:\DSSAT48\SOIL\GA.SOL
00016:  [1:15:45 PM] [9/11/2025]C:\DSSAT48\SOIL\GH.SOL
00017:  [1:15:45 PM] [9/11/2025]C:\DSSAT48\SOIL\HC.SOL
00018:  [1:15:45 PM] [9/11/2025]C:\DSSAT48\SOIL\IC.SOL
00019:  [1:15:45 PM] [9/11/2025]C:\DSSAT48\SOIL\IR.SOL
00020:  [1:15:45 PM] [9/11/2025]C:\DSSAT48\SOIL\IU.SOL
00021:  [1:15:45 PM] [9/11/2025]C:\DSSAT48\SOIL\IZ.SOL
00022:  [1:15:45 PM] [9/11/2025]C:\DSSAT48\SOIL\KK.SOL
00023:  [1:15:45 PM] [9/11/2025]C:\DSSAT48\SOIL\KZ.SOL
00024:  [1:15:45 PM] [9/11/2025]C:\DSSAT48\SOIL\NM.SOL
00025:  [1:15:45 PM] [9/11/2025]C:\DSSAT48\SOIL\NO.SOL
00026:  [1:15:45 PM] [9/11/2025]C:\DSSAT48\SOIL\PU.SOL
00027:  [1:15:45 PM] [9/11/2025]C:\DSSAT48\SOIL\QU.SOL
00028:  [1:15:45 PM] [9/11/2025]C:\DSSAT48\SOIL\RO.SOL
00029:  [1:15:45 PM] [9/11/2025]C:\DSSAT48\SOIL\SA.SOL
00030:  [1:15:45 PM] [9/11/2025]C:\DSSAT48\SOIL\SI.SOL
00031:  [1:15:45 PM] [9/11/2025]C:\DSSAT48\SOIL\SOIL.SOL
00032:  [1:15:45 PM] [9/11/2025]C:\DSSAT48\SOIL\SU.SOL
00033:  [1:15:45 PM] [9/11/2025]C:\DSSAT48\SOIL\TR.SOL
00034:  [1:15:45 PM] [9/11/2025]C:\DSSAT48\SOIL\TX.SOL
00035:  [1:15:45 PM] [9/11/2025]C:\DSSAT48\SOIL\UA.SOL
00036:  [1:15:45 PM] [9/11/2025]C:\DSSAT48\SOIL\UC.SOL
00037:  [1:15:45 PM] [9/11/2025]C:\DSSAT48\SOIL\UF.SOL
00038:  [1:15:45 PM] [9/11/2025]C:\DSSAT48\SOIL\UH.SOL
00039:  [1:15:45 PM] [9/11/2025]C:\DSSAT48\SOIL\UP.SOL
00040:  [1:15:45 PM] [9/11/2025]C:\DSSAT48\SOIL\US.SOL
00041:  [1:15:45 PM] [9/11/2025]C:\DSSAT48\SOIL\WA.SOL
00042:  [1:15:45 PM] [9/11/2025]C:\DSSAT48\SOIL\WI.SOL
00043:  [1:15:46 PM] [9/11/2025]C:\DSSAT48\Weather
00044:  [1:15:57 PM] [9/11/2025]C:\DSSAT48\WEATHER\CLIMATE
00045:  [1:15:57 PM] [9/11/2025]C:\DSSAT48\WEATHER\GEN
00046:  [1:15:57 PM] [9/11/2025]C:\DSSAT48\WEATHER\MONTH
00047:  [1:15:57 PM] [9/11/2025]Start GetProfileData
00048:  [1:15:57 PM] [9/11/2025]End GetProfileData
00049:  [1:15:58 PM] [9/11/2025]C:\DSSAT48\SOIL
00050:  [1:15:58 PM] [9/11/2025]C:\DSSAT48\SOIL\AG.SOL
00051:  [1:15:58 PM] [9/11/2025]C:\DSSAT48\SOIL\AZ.SOL
00052:  [1:15:58 PM] [9/11/2025]C:\DSSAT48\SOIL\BR.SOL
00053:  [1:15:58 PM] [9/11/2025]C:\DSSAT48\SOIL\CA.SOL
00054:  [1:15:58 PM] [9/11/2025]C:\DSSAT48\SOIL\CF.SOL
00055:  [1:15:58 PM] [9/11/2025]C:\DSSAT48\SOIL\CN.SOL
00056:  [1:15:58 PM] [9/11/2025]C:\DSSAT48\SOIL\CO.SOL
00057:  [1:15:58 PM] [9/11/2025]C:\DSSAT48\SOIL\CP.SOL
00058:  [1:15:58 PM] [9/11/2025]C:\DSSAT48\SOIL\CR.SOL
00059:  [1:15:58 PM] [9/11/2025]C:\DSSAT48\SOIL\DI.SOL
00060:  [1:15:58 PM] [9/11/2025]C:\DSSAT48\SOIL\EB.SOL
00061:  [1:15:58 PM] [9/11/2025]C:\DSSAT48\SOIL\ET.SOL
00062:  [1:15:58 PM] [9/11/2025]C:\DSSAT48\SOIL\GA.SOL
00063:  [1:15:58 PM] [9/11/2025]C:\DSSAT48\SOIL\GH.SOL
00064:  [1:15:58 PM] [9/11/2025]C:\DSSAT48\SOIL\HC.SOL
00065:  [1:15:58 PM] [9/11/2025]C:\DSSAT48\SOIL\IC.SOL
00066:  [1:15:58 PM] [9/11/2025]C:\DSSAT48\SOIL\IR.SOL
00067:  [1:15:58 PM] [9/11/2025]C:\DSSAT48\SOIL\IU.SOL
00068:  [1:15:58 PM] [9/11/2025]C:\DSSAT48\SOIL\IZ.SOL
00069:  [1:15:58 PM] [9/11/2025]C:\DSSAT48\SOIL\KK.SOL
00070:  [1:15:58 PM] [9/11/2025]C:\DSSAT48\SOIL\KZ.SOL
00071:  [1:15:58 PM] [9/11/2025]C:\DSSAT48\SOIL\NM.SOL
00072:  [1:15:58 PM] [9/11/2025]C:\DSSAT48\SOIL\NO.SOL
00073:  [1:15:58 PM] [9/11/2025]C:\DSSAT48\SOIL\PU.SOL
00074:  [1:15:58 PM] [9/11/2025]C:\DSSAT48\SOIL\QU.SOL
00075:  [1:15:58 PM] [9/11/2025]C:\DSSAT48\SOIL\RO.SOL
00076:  [1:15:58 PM] [9/11/2025]C:\DSSAT48\SOIL\SA.SOL
00077:  [1:15:58 PM] [9/11/2025]C:\DSSAT48\SOIL\SI.SOL
00078:  [1:15:58 PM] [9/11/2025]C:\DSSAT48\SOIL\SOIL.SOL
00079:  [1:15:58 PM] [9/11/2025]C:\DSSAT48\SOIL\SU.SOL
00080:  [1:15:58 PM] [9/11/2025]C:\DSSAT48\SOIL\TR.SOL
00081:  [1:15:58 PM] [9/11/2025]C:\DSSAT48\SOIL\TX.SOL
00082:  [1:15:58 PM] [9/11/2025]C:\DSSAT48\SOIL\UA.SOL
00083:  [1:15:58 PM] [9/11/2025]C:\DSSAT48\SOIL\UC.SOL
00084:  [1:15:58 PM] [9/11/2025]C:\DSSAT48\SOIL\UF.SOL
00085:  [1:15:58 PM] [9/11/2025]C:\DSSAT48\SOIL\UH.SOL
00086:  [1:15:58 PM] [9/11/2025]C:\DSSAT48\SOIL\UP.SOL
00087:  [1:15:58 PM] [9/11/2025]C:\DSSAT48\SOIL\US.SOL
00088:  [1:15:58 PM] [9/11/2025]C:\DSSAT48\SOIL\WA.SOL
00089:  [1:15:58 PM] [9/11/2025]C:\DSSAT48\SOIL\WI.SOL
00090:  [1:15:58 PM] [9/11/2025]C:\DSSAT48\Weather
00091:  [1:15:58 PM] [9/11/2025]C:\DSSAT48\WEATHER\CLIMATE
00092:  [1:15:58 PM] [9/11/2025]C:\DSSAT48\WEATHER\GEN
00093:  [1:15:58 PM] [9/11/2025]C:\DSSAT48\WEATHER\MONTH
